# JRE version: OpenJDK Runtime Environment (8.0_112-b06) (build 1.8.0_112-release-b06)
# Java VM: OpenJDK 64-Bit Server VM (25.112-b06 mixed mode linux-amd64 compressed oops)
Heap:
 PSYoungGen      total 750080K, used 42965K [0x000000076ab00000, 0x00000007a5280000, 0x00000007c0000000)
  eden space 612352K, 0% used [0x000000076ab00000,0x000000076ab00000,0x0000000790100000)
  from space 137728K, 31% used [0x0000000798780000,0x000000079b175550,0x00000007a0e00000)
  to   space 137728K, 0% used [0x0000000790100000,0x0000000790100000,0x0000000798780000)
 ParOldGen       total 436224K, used 435857K [0x00000006c0000000, 0x00000006daa00000, 0x000000076ab00000)
  object space 436224K, 99% used [0x00000006c0000000,0x00000006da9a4498,0x00000006daa00000)
 Metaspace       used 6386K, capacity 7280K, committed 7552K, reserved 1056768K
  class space    used 582K, capacity 616K, committed 640K, reserved 1048576K
GC Heap History (10 events):
Event: 18.048 GC heap after
Heap after GC invocations=15 (full 2):
 PSYoungGen      total 548352K, used 76281K [0x000000076ab00000, 0x0000000797180000, 0x00000007c0000000)
  eden space 472064K, 0% used [0x000000076ab00000,0x000000076ab00000,0x0000000787800000)
  from space 76288K, 99% used [0x0000000787800000,0x000000078c27e430,0x000000078c280000)
  to   space 102912K, 0% used [0x0000000790d00000,0x0000000790d00000,0x0000000797180000)
 ParOldGen       total 256000K, used 197950K [0x00000006c0000000, 0x00000006cfa00000, 0x000000076ab00000)
  object space 256000K, 77% used [0x00000006c0000000,0x00000006cc14f880,0x00000006cfa00000)
 Metaspace       used 6373K, capacity 7280K, committed 7552K, reserved 1056768K
  class space    used 581K, capacity 616K, committed 640K, reserved 1048576K
}
Event: 20.089 GC heap before
{Heap before GC invocations=16 (full 2):
 PSYoungGen      total 548352K, used 548345K [0x000000076ab00000, 0x0000000797180000, 0x00000007c0000000)
  eden space 472064K, 100% used [0x000000076ab00000,0x0000000787800000,0x0000000787800000)
  from space 76288K, 99% used [0x0000000787800000,0x000000078c27e430,0x000000078c280000)
  to   space 102912K, 0% used [0x0000000790d00000,0x0000000790d00000,0x0000000797180000)
 ParOldGen       total 256000K, used 197950K [0x00000006c0000000, 0x00000006cfa00000, 0x000000076ab00000)
  object space 256000K, 77% used [0x00000006c0000000,0x00000006cc14f880,0x00000006cfa00000)
 Metaspace       used 6379K, capacity 7280K, committed 7552K, reserved 1056768K
  class space    used 582K, capacity 616K, committed 640K, reserved 1048576K
Event: 20.509 GC heap after
Heap after GC invocations=16 (full 2):
 PSYoungGen      total 617984K, used 72519K [0x000000076ab00000, 0x000000079b400000, 0x00000007c0000000)
  eden space 515072K, 0% used [0x000000076ab00000,0x000000076ab00000,0x000000078a200000)
  from space 102912K, 70% used [0x0000000790d00000,0x00000007953d1e40,0x0000000797180000)
  to   space 109568K, 0% used [0x000000078a200000,0x000000078a200000,0x0000000790d00000)
 ParOldGen       total 274944K, used 274565K [0x00000006c0000000, 0x00000006d0c80000, 0x000000076ab00000)
  object space 274944K, 99% used [0x00000006c0000000,0x00000006d0c21410,0x00000006d0c80000)
 Metaspace       used 6379K, capacity 7280K, committed 7552K, reserved 1056768K
  class space    used 582K, capacity 616K, committed 640K, reserved 1048576K
}
Event: 20.509 GC heap before
{Heap before GC invocations=17 (full 3):
 PSYoungGen      total 617984K, used 72519K [0x000000076ab00000, 0x000000079b400000, 0x00000007c0000000)
  eden space 515072K, 0% used [0x000000076ab00000,0x000000076ab00000,0x000000078a200000)
  from space 102912K, 70% used [0x0000000790d00000,0x00000007953d1e40,0x0000000797180000)
  to   space 109568K, 0% used [0x000000078a200000,0x000000078a200000,0x0000000790d00000)
 ParOldGen       total 274944K, used 274565K [0x00000006c0000000, 0x00000006d0c80000, 0x000000076ab00000)
  object space 274944K, 99% used [0x00000006c0000000,0x00000006d0c21410,0x00000006d0c80000)
 Metaspace       used 6379K, capacity 7280K, committed 7552K, reserved 1056768K
  class space    used 582K, capacity 616K, committed 640K, reserved 1048576K
Event: 22.521 GC heap after
Heap after GC invocations=17 (full 3):
 PSYoungGen      total 617984K, used 66461K [0x000000076ab00000, 0x000000079b400000, 0x00000007c0000000)
  eden space 515072K, 0% used [0x000000076ab00000,0x000000076ab00000,0x000000078a200000)
  from space 102912K, 64% used [0x0000000790d00000,0x0000000794de75e0,0x0000000797180000)
  to   space 109568K, 0% used [0x000000078a200000,0x000000078a200000,0x0000000790d00000)
 ParOldGen       total 436224K, used 274527K [0x00000006c0000000, 0x00000006daa00000, 0x000000076ab00000)
  object space 436224K, 62% used [0x00000006c0000000,0x00000006d0c17c08,0x00000006daa00000)
 Metaspace       used 6379K, capacity 7280K, committed 7552K, reserved 1056768K
  class space    used 582K, capacity 616K, committed 640K, reserved 1048576K
}
Event: 24.545 GC heap before
{Heap before GC invocations=18 (full 3):
 PSYoungGen      total 617984K, used 581533K [0x000000076ab00000, 0x000000079b400000, 0x00000007c0000000)
  eden space 515072K, 100% used [0x000000076ab00000,0x000000078a200000,0x000000078a200000)
  from space 102912K, 64% used [0x0000000790d00000,0x0000000794de75e0,0x0000000797180000)
  to   space 109568K, 0% used [0x000000078a200000,0x000000078a200000,0x0000000790d00000)
 ParOldGen       total 436224K, used 274527K [0x00000006c0000000, 0x00000006daa00000, 0x000000076ab00000)
  object space 436224K, 62% used [0x00000006c0000000,0x00000006d0c17c08,0x00000006daa00000)
 Metaspace       used 6382K, capacity 7280K, committed 7552K, reserved 1056768K
  class space    used 582K, capacity 616K, committed 640K, reserved 1048576K
Event: 24.794 GC heap after
Heap after GC invocations=18 (full 3):
 PSYoungGen      total 624640K, used 109560K [0x000000076ab00000, 0x00000007a0e00000, 0x00000007c0000000)
  eden space 515072K, 0% used [0x000000076ab00000,0x000000076ab00000,0x000000078a200000)
  from space 109568K, 99% used [0x000000078a200000,0x0000000790cfe0a0,0x0000000790d00000)
  to   space 137728K, 0% used [0x0000000798780000,0x0000000798780000,0x00000007a0e00000)
 ParOldGen       total 436224K, used 299956K [0x00000006c0000000, 0x00000006daa00000, 0x000000076ab00000)
  object space 436224K, 68% used [0x00000006c0000000,0x00000006d24ed0e0,0x00000006daa00000)
 Metaspace       used 6382K, capacity 7280K, committed 7552K, reserved 1056768K
  class space    used 582K, capacity 616K, committed 640K, reserved 1048576K
}
Event: 25.957 GC heap before
{Heap before GC invocations=19 (full 3):
 PSYoungGen      total 624640K, used 624632K [0x000000076ab00000, 0x00000007a0e00000, 0x00000007c0000000)
  eden space 515072K, 100% used [0x000000076ab00000,0x000000078a200000,0x000000078a200000)
  from space 109568K, 99% used [0x000000078a200000,0x0000000790cfe0a0,0x0000000790d00000)
  to   space 137728K, 0% used [0x0000000798780000,0x0000000798780000,0x00000007a0e00000)
 ParOldGen       total 436224K, used 299956K [0x00000006c0000000, 0x00000006daa00000, 0x000000076ab00000)
  object space 436224K, 68% used [0x00000006c0000000,0x00000006d24ed0e0,0x00000006daa00000)
 Metaspace       used 6386K, capacity 7280K, committed 7552K, reserved 1056768K
  class space    used 582K, capacity 616K, committed 640K, reserved 1048576K
Event: 31.421 GC heap after
Heap after GC invocations=19 (full 3):
 PSYoungGen      total 750080K, used 73584K [0x000000076ab00000, 0x00000007a5280000, 0x00000007c0000000)
  eden space 612352K, 0% used [0x000000076ab00000,0x000000076ab00000,0x0000000790100000)
  from space 137728K, 53% used [0x0000000798780000,0x000000079cf5c060,0x00000007a0e00000)
  to   space 137728K, 0% used [0x0000000790100000,0x0000000790100000,0x0000000798780000)
 ParOldGen       total 436224K, used 410108K [0x00000006c0000000, 0x00000006daa00000, 0x000000076ab00000)
  object space 436224K, 94% used [0x00000006c0000000,0x00000006d907f120,0x00000006daa00000)
 Metaspace       used 6386K, capacity 7280K, committed 7552K, reserved 1056768K
  class space    used 582K, capacity 616K, committed 640K, reserved 1048576K
}
Event: 31.421 GC heap before
{Heap before GC invocations=20 (full 4):
 PSYoungGen      total 750080K, used 73584K [0x000000076ab00000, 0x00000007a5280000, 0x00000007c0000000)
  eden space 612352K, 0% used [0x000000076ab00000,0x000000076ab00000,0x0000000790100000)
  from space 137728K, 53% used [0x0000000798780000,0x000000079cf5c060,0x00000007a0e00000)
  to   space 137728K, 0% used [0x0000000790100000,0x0000000790100000,0x0000000798780000)
 ParOldGen       total 436224K, used 410108K [0x00000006c0000000, 0x00000006daa00000, 0x000000076ab00000)
  object space 436224K, 94% used [0x00000006c0000000,0x00000006d907f120,0x00000006daa00000)
 Metaspace       used 6386K, capacity 7280K, committed 7552K, reserved 1056768K
  class space    used 582K, capacity 616K, committed 640K, reserved 1048576K

