# JRE version: OpenJDK Runtime Environment (8.0_112-b06) (build 1.8.0_112-release-b06)
# Java VM: OpenJDK 64-Bit Server VM (25.112-b06 mixed mode linux-amd64 compressed oops)
Heap:
 PSYoungGen      total 690176K, used 87137K [0x000000076ab00000, 0x000000079f500000, 0x00000007c0000000)
  eden space 565760K, 0% used [0x000000076ab00000,0x000000076ab00000,0x000000078d380000)
  from space 124416K, 70% used [0x000000078d380000,0x00000007928985a0,0x0000000794d00000)
  to   space 89600K, 0% used [0x0000000794d00000,0x0000000794d00000,0x000000079a480000)
 ParOldGen       total 291328K, used 242739K [0x00000006c0000000, 0x00000006d1c80000, 0x000000076ab00000)
  object space 291328K, 83% used [0x00000006c0000000,0x00000006ced0ce90,0x00000006d1c80000)
 Metaspace       used 6384K, capacity 7280K, committed 7552K, reserved 1056768K
  class space    used 582K, capacity 616K, committed 640K, reserved 1048576K
GC Heap History (10 events):
Event: 4.723 GC heap after
Heap after GC invocations=8 (full 0):
 PSYoungGen      total 529408K, used 49639K [0x000000076ab00000, 0x0000000791200000, 0x00000007c0000000)
  eden space 479744K, 0% used [0x000000076ab00000,0x000000076ab00000,0x0000000787f80000)
  from space 49664K, 99% used [0x000000078c080000,0x000000078f0f9c20,0x000000078f100000)
  to   space 66560K, 0% used [0x0000000787f80000,0x0000000787f80000,0x000000078c080000)
 ParOldGen       total 84992K, used 71331K [0x00000006c0000000, 0x00000006c5300000, 0x000000076ab00000)
  object space 84992K, 83% used [0x00000006c0000000,0x00000006c45a8d38,0x00000006c5300000)
 Metaspace       used 6322K, capacity 7280K, committed 7552K, reserved 1056768K
  class space    used 581K, capacity 616K, committed 640K, reserved 1048576K
}
Event: 4.723 GC heap before
{Heap before GC invocations=9 (full 1):
 PSYoungGen      total 529408K, used 49639K [0x000000076ab00000, 0x0000000791200000, 0x00000007c0000000)
  eden space 479744K, 0% used [0x000000076ab00000,0x000000076ab00000,0x0000000787f80000)
  from space 49664K, 99% used [0x000000078c080000,0x000000078f0f9c20,0x000000078f100000)
  to   space 66560K, 0% used [0x0000000787f80000,0x0000000787f80000,0x000000078c080000)
 ParOldGen       total 84992K, used 71331K [0x00000006c0000000, 0x00000006c5300000, 0x000000076ab00000)
  object space 84992K, 83% used [0x00000006c0000000,0x00000006c45a8d38,0x00000006c5300000)
 Metaspace       used 6322K, capacity 7280K, committed 7552K, reserved 1056768K
  class space    used 581K, capacity 616K, committed 640K, reserved 1048576K
Event: 5.357 GC heap after
Heap after GC invocations=9 (full 1):
 PSYoungGen      total 529408K, used 32667K [0x000000076ab00000, 0x0000000791200000, 0x00000007c0000000)
  eden space 479744K, 0% used [0x000000076ab00000,0x000000076ab00000,0x0000000787f80000)
  from space 49664K, 65% used [0x000000078c080000,0x000000078e066c28,0x000000078f100000)
  to   space 66560K, 0% used [0x0000000787f80000,0x0000000787f80000,0x000000078c080000)
 ParOldGen       total 162816K, used 84531K [0x00000006c0000000, 0x00000006c9f00000, 0x000000076ab00000)
  object space 162816K, 51% used [0x00000006c0000000,0x00000006c528cce8,0x00000006c9f00000)
 Metaspace       used 6322K, capacity 7280K, committed 7552K, reserved 1056768K
  class space    used 581K, capacity 616K, committed 640K, reserved 1048576K
}
Event: 6.465 GC heap before
{Heap before GC invocations=10 (full 1):
 PSYoungGen      total 529408K, used 512411K [0x000000076ab00000, 0x0000000791200000, 0x00000007c0000000)
  eden space 479744K, 100% used [0x000000076ab00000,0x0000000787f80000,0x0000000787f80000)
  from space 49664K, 65% used [0x000000078c080000,0x000000078e066c28,0x000000078f100000)
  to   space 66560K, 0% used [0x0000000787f80000,0x0000000787f80000,0x000000078c080000)
 ParOldGen       total 162816K, used 84531K [0x00000006c0000000, 0x00000006c9f00000, 0x000000076ab00000)
  object space 162816K, 51% used [0x00000006c0000000,0x00000006c528cce8,0x00000006c9f00000)
 Metaspace       used 6354K, capacity 7280K, committed 7552K, reserved 1056768K
  class space    used 581K, capacity 616K, committed 640K, reserved 1048576K
Event: 6.605 GC heap after
Heap after GC invocations=10 (full 1):
 PSYoungGen      total 546304K, used 66555K [0x000000076ab00000, 0x000000079a480000, 0x00000007c0000000)
  eden space 479744K, 0% used [0x000000076ab00000,0x000000076ab00000,0x0000000787f80000)
  from space 66560K, 99% used [0x0000000787f80000,0x000000078c07efa0,0x000000078c080000)
  to   space 89600K, 0% used [0x0000000794d00000,0x0000000794d00000,0x000000079a480000)
 ParOldGen       total 162816K, used 110658K [0x00000006c0000000, 0x00000006c9f00000, 0x000000076ab00000)
  object space 162816K, 67% used [0x00000006c0000000,0x00000006c6c10b98,0x00000006c9f00000)
 Metaspace       used 6354K, capacity 7280K, committed 7552K, reserved 1056768K
  class space    used 581K, capacity 616K, committed 640K, reserved 1048576K
}
Event: 7.854 GC heap before
{Heap before GC invocations=11 (full 1):
 PSYoungGen      total 546304K, used 546299K [0x000000076ab00000, 0x000000079a480000, 0x00000007c0000000)
  eden space 479744K, 100% used [0x000000076ab00000,0x0000000787f80000,0x0000000787f80000)
  from space 66560K, 99% used [0x0000000787f80000,0x000000078c07efa0,0x000000078c080000)
  to   space 89600K, 0% used [0x0000000794d00000,0x0000000794d00000,0x000000079a480000)
 ParOldGen       total 162816K, used 110658K [0x00000006c0000000, 0x00000006c9f00000, 0x000000076ab00000)
  object space 162816K, 67% used [0x00000006c0000000,0x00000006c6c10b98,0x00000006c9f00000)
 Metaspace       used 6366K, capacity 7280K, committed 7552K, reserved 1056768K
  class space    used 581K, capacity 616K, committed 640K, reserved 1048576K
Event: 8.085 GC heap after
Heap after GC invocations=11 (full 1):
 PSYoungGen      total 655360K, used 89591K [0x000000076ab00000, 0x000000079f500000, 0x00000007c0000000)
  eden space 565760K, 0% used [0x000000076ab00000,0x000000076ab00000,0x000000078d380000)
  from space 89600K, 99% used [0x0000000794d00000,0x000000079a47dd88,0x000000079a480000)
  to   space 124416K, 0% used [0x000000078d380000,0x000000078d380000,0x0000000794d00000)
 ParOldGen       total 162816K, used 161481K [0x00000006c0000000, 0x00000006c9f00000, 0x000000076ab00000)
  object space 162816K, 99% used [0x00000006c0000000,0x00000006c9db24a8,0x00000006c9f00000)
 Metaspace       used 6366K, capacity 7280K, committed 7552K, reserved 1056768K
  class space    used 581K, capacity 616K, committed 640K, reserved 1048576K
}
Event: 8.085 GC heap before
{Heap before GC invocations=12 (full 2):
 PSYoungGen      total 655360K, used 89591K [0x000000076ab00000, 0x000000079f500000, 0x00000007c0000000)
  eden space 565760K, 0% used [0x000000076ab00000,0x000000076ab00000,0x000000078d380000)
  from space 89600K, 99% used [0x0000000794d00000,0x000000079a47dd88,0x000000079a480000)
  to   space 124416K, 0% used [0x000000078d380000,0x000000078d380000,0x0000000794d00000)
 ParOldGen       total 162816K, used 161481K [0x00000006c0000000, 0x00000006c9f00000, 0x000000076ab00000)
  object space 162816K, 99% used [0x00000006c0000000,0x00000006c9db24a8,0x00000006c9f00000)
 Metaspace       used 6366K, capacity 7280K, committed 7552K, reserved 1056768K
  class space    used 581K, capacity 616K, committed 640K, reserved 1048576K
Event: 9.200 GC heap after
Heap after GC invocations=12 (full 2):
 PSYoungGen      total 655360K, used 80658K [0x000000076ab00000, 0x000000079f500000, 0x00000007c0000000)
  eden space 565760K, 0% used [0x000000076ab00000,0x000000076ab00000,0x000000078d380000)
  from space 89600K, 90% used [0x0000000794d00000,0x0000000799bc4a08,0x000000079a480000)
  to   space 124416K, 0% used [0x000000078d380000,0x000000078d380000,0x0000000794d00000)
 ParOldGen       total 291328K, used 162571K [0x00000006c0000000, 0x00000006d1c80000, 0x000000076ab00000)
  object space 291328K, 55% used [0x00000006c0000000,0x00000006c9ec2c80,0x00000006d1c80000)
 Metaspace       used 6366K, capacity 7280K, committed 7552K, reserved 1056768K
  class space    used 581K, capacity 616K, committed 640K, reserved 1048576K
}
Event: 10.852 GC heap before
{Heap before GC invocations=13 (full 2):
 PSYoungGen      total 655360K, used 646418K [0x000000076ab00000, 0x000000079f500000, 0x00000007c0000000)
  eden space 565760K, 100% used [0x000000076ab00000,0x000000078d380000,0x000000078d380000)
  from space 89600K, 90% used [0x0000000794d00000,0x0000000799bc4a08,0x000000079a480000)
  to   space 124416K, 0% used [0x000000078d380000,0x000000078d380000,0x0000000794d00000)
 ParOldGen       total 291328K, used 162571K [0x00000006c0000000, 0x00000006d1c80000, 0x000000076ab00000)
  object space 291328K, 55% used [0x00000006c0000000,0x00000006c9ec2c80,0x00000006d1c80000)
 Metaspace       used 6384K, capacity 7280K, committed 7552K, reserved 1056768K
  class space    used 582K, capacity 616K, committed 640K, reserved 1048576K

