# JRE version: OpenJDK Runtime Environment (8.0_112-b06) (build 1.8.0_112-release-b06)
# Java VM: OpenJDK 64-Bit Server VM (25.112-b06 mixed mode linux-amd64 compressed oops)
Heap:
 PSYoungGen      total 875008K, used 74326K [0x000000076ab00000, 0x00000007afe00000, 0x00000007c0000000)
  eden space 697344K, 0% used [0x000000076ab00000,0x000000076ab00000,0x0000000795400000)
  from space 177664K, 41% used [0x00000007a1500000,0x00000007a5d95a70,0x00000007ac280000)
  to   space 197632K, 0% used [0x0000000795400000,0x0000000795400000,0x00000007a1500000)
 ParOldGen       total 488448K, used 487943K [0x00000006c0000000, 0x00000006ddd00000, 0x000000076ab00000)
  object space 488448K, 99% used [0x00000006c0000000,0x00000006ddc81c50,0x00000006ddd00000)
 Metaspace       used 6396K, capacity 7280K, committed 7552K, reserved 1056768K
  class space    used 582K, capacity 616K, committed 640K, reserved 1048576K
GC Heap History (10 events):
Event: 9.407 GC heap after
Heap after GC invocations=13 (full 2):
 PSYoungGen      total 673792K, used 82766K [0x000000076ab00000, 0x00000007a2480000, 0x00000007c0000000)
  eden space 551424K, 0% used [0x000000076ab00000,0x000000076ab00000,0x000000078c580000)
  from space 122368K, 67% used [0x000000078c580000,0x0000000791653af8,0x0000000793d00000)
  to   space 129024K, 0% used [0x000000079a680000,0x000000079a680000,0x00000007a2480000)
 ParOldGen       total 296448K, used 238005K [0x00000006c0000000, 0x00000006d2180000, 0x000000076ab00000)
  object space 296448K, 80% used [0x00000006c0000000,0x00000006ce86d4d0,0x00000006d2180000)
 Metaspace       used 6388K, capacity 7280K, committed 7552K, reserved 1056768K
  class space    used 581K, capacity 616K, committed 640K, reserved 1048576K
}
Event: 9.407 GC heap before
{Heap before GC invocations=14 (full 3):
 PSYoungGen      total 673792K, used 82766K [0x000000076ab00000, 0x00000007a2480000, 0x00000007c0000000)
  eden space 551424K, 0% used [0x000000076ab00000,0x000000076ab00000,0x000000078c580000)
  from space 122368K, 67% used [0x000000078c580000,0x0000000791653af8,0x0000000793d00000)
  to   space 129024K, 0% used [0x000000079a680000,0x000000079a680000,0x00000007a2480000)
 ParOldGen       total 296448K, used 238005K [0x00000006c0000000, 0x00000006d2180000, 0x000000076ab00000)
  object space 296448K, 80% used [0x00000006c0000000,0x00000006ce86d4d0,0x00000006d2180000)
 Metaspace       used 6388K, capacity 7280K, committed 7552K, reserved 1056768K
  class space    used 581K, capacity 616K, committed 640K, reserved 1048576K
Event: 10.470 GC heap after
Heap after GC invocations=14 (full 3):
 PSYoungGen      total 673792K, used 18956K [0x000000076ab00000, 0x00000007a2480000, 0x00000007c0000000)
  eden space 551424K, 0% used [0x000000076ab00000,0x000000076ab00000,0x000000078c580000)
  from space 122368K, 15% used [0x000000078c580000,0x000000078d8033f0,0x0000000793d00000)
  to   space 129024K, 0% used [0x000000079a680000,0x000000079a680000,0x00000007a2480000)
 ParOldGen       total 488448K, used 296356K [0x00000006c0000000, 0x00000006ddd00000, 0x000000076ab00000)
  object space 488448K, 60% used [0x00000006c0000000,0x00000006d2169398,0x00000006ddd00000)
 Metaspace       used 6388K, capacity 7280K, committed 7552K, reserved 1056768K
  class space    used 581K, capacity 616K, committed 640K, reserved 1048576K
}
Event: 12.527 GC heap before
{Heap before GC invocations=15 (full 3):
 PSYoungGen      total 673792K, used 570380K [0x000000076ab00000, 0x00000007a2480000, 0x00000007c0000000)
  eden space 551424K, 100% used [0x000000076ab00000,0x000000078c580000,0x000000078c580000)
  from space 122368K, 15% used [0x000000078c580000,0x000000078d8033f0,0x0000000793d00000)
  to   space 129024K, 0% used [0x000000079a680000,0x000000079a680000,0x00000007a2480000)
 ParOldGen       total 488448K, used 296356K [0x00000006c0000000, 0x00000006ddd00000, 0x000000076ab00000)
  object space 488448K, 60% used [0x00000006c0000000,0x00000006d2169398,0x00000006ddd00000)
 Metaspace       used 6391K, capacity 7280K, committed 7552K, reserved 1056768K
  class space    used 582K, capacity 616K, committed 640K, reserved 1048576K
Event: 12.797 GC heap after
Heap after GC invocations=15 (full 3):
 PSYoungGen      total 755200K, used 95402K [0x000000076ab00000, 0x00000007a2180000, 0x00000007c0000000)
  eden space 629248K, 0% used [0x000000076ab00000,0x000000076ab00000,0x0000000791180000)
  from space 125952K, 75% used [0x000000079a680000,0x00000007a03aa998,0x00000007a2180000)
  to   space 139264K, 0% used [0x0000000791180000,0x0000000791180000,0x0000000799980000)
 ParOldGen       total 488448K, used 296364K [0x00000006c0000000, 0x00000006ddd00000, 0x000000076ab00000)
  object space 488448K, 60% used [0x00000006c0000000,0x00000006d216b398,0x00000006ddd00000)
 Metaspace       used 6391K, capacity 7280K, committed 7552K, reserved 1056768K
  class space    used 582K, capacity 616K, committed 640K, reserved 1048576K
}
Event: 14.808 GC heap before
{Heap before GC invocations=16 (full 3):
 PSYoungGen      total 755200K, used 724650K [0x000000076ab00000, 0x00000007a2180000, 0x00000007c0000000)
  eden space 629248K, 100% used [0x000000076ab00000,0x0000000791180000,0x0000000791180000)
  from space 125952K, 75% used [0x000000079a680000,0x00000007a03aa998,0x00000007a2180000)
  to   space 139264K, 0% used [0x0000000791180000,0x0000000791180000,0x0000000799980000)
 ParOldGen       total 488448K, used 296364K [0x00000006c0000000, 0x00000006ddd00000, 0x000000076ab00000)
  object space 488448K, 60% used [0x00000006c0000000,0x00000006d216b398,0x00000006ddd00000)
 Metaspace       used 6395K, capacity 7280K, committed 7552K, reserved 1056768K
  class space    used 582K, capacity 616K, committed 640K, reserved 1048576K
Event: 14.983 GC heap after
Heap after GC invocations=16 (full 3):
 PSYoungGen      total 768512K, used 139245K [0x000000076ab00000, 0x00000007ac280000, 0x00000007c0000000)
  eden space 629248K, 0% used [0x000000076ab00000,0x000000076ab00000,0x0000000791180000)
  from space 139264K, 99% used [0x0000000791180000,0x000000079997b778,0x0000000799980000)
  to   space 177664K, 0% used [0x00000007a1500000,0x00000007a1500000,0x00000007ac280000)
 ParOldGen       total 488448K, used 336086K [0x00000006c0000000, 0x00000006ddd00000, 0x000000076ab00000)
  object space 488448K, 68% used [0x00000006c0000000,0x00000006d4835948,0x00000006ddd00000)
 Metaspace       used 6395K, capacity 7280K, committed 7552K, reserved 1056768K
  class space    used 582K, capacity 616K, committed 640K, reserved 1048576K
}
Event: 16.256 GC heap before
{Heap before GC invocations=17 (full 3):
 PSYoungGen      total 768512K, used 768493K [0x000000076ab00000, 0x00000007ac280000, 0x00000007c0000000)
  eden space 629248K, 100% used [0x000000076ab00000,0x0000000791180000,0x0000000791180000)
  from space 139264K, 99% used [0x0000000791180000,0x000000079997b778,0x0000000799980000)
  to   space 177664K, 0% used [0x00000007a1500000,0x00000007a1500000,0x00000007ac280000)
 ParOldGen       total 488448K, used 336086K [0x00000006c0000000, 0x00000006ddd00000, 0x000000076ab00000)
  object space 488448K, 68% used [0x00000006c0000000,0x00000006d4835948,0x00000006ddd00000)
 Metaspace       used 6396K, capacity 7280K, committed 7552K, reserved 1056768K
  class space    used 582K, capacity 616K, committed 640K, reserved 1048576K
Event: 16.567 GC heap after
Heap after GC invocations=17 (full 3):
 PSYoungGen      total 875008K, used 147802K [0x000000076ab00000, 0x00000007afe00000, 0x00000007c0000000)
  eden space 697344K, 0% used [0x000000076ab00000,0x000000076ab00000,0x0000000795400000)
  from space 177664K, 83% used [0x00000007a1500000,0x00000007aa556808,0x00000007ac280000)
  to   space 197632K, 0% used [0x0000000795400000,0x0000000795400000,0x00000007a1500000)
 ParOldGen       total 488448K, used 420345K [0x00000006c0000000, 0x00000006ddd00000, 0x000000076ab00000)
  object space 488448K, 86% used [0x00000006c0000000,0x00000006d9a7e7d8,0x00000006ddd00000)
 Metaspace       used 6396K, capacity 7280K, committed 7552K, reserved 1056768K
  class space    used 582K, capacity 616K, committed 640K, reserved 1048576K
}
Event: 16.567 GC heap before
{Heap before GC invocations=18 (full 4):
 PSYoungGen      total 875008K, used 147802K [0x000000076ab00000, 0x00000007afe00000, 0x00000007c0000000)
  eden space 697344K, 0% used [0x000000076ab00000,0x000000076ab00000,0x0000000795400000)
  from space 177664K, 83% used [0x00000007a1500000,0x00000007aa556808,0x00000007ac280000)
  to   space 197632K, 0% used [0x0000000795400000,0x0000000795400000,0x00000007a1500000)
 ParOldGen       total 488448K, used 420345K [0x00000006c0000000, 0x00000006ddd00000, 0x000000076ab00000)
  object space 488448K, 86% used [0x00000006c0000000,0x00000006d9a7e7d8,0x00000006ddd00000)
 Metaspace       used 6396K, capacity 7280K, committed 7552K, reserved 1056768K
  class space    used 582K, capacity 616K, committed 640K, reserved 1048576K

