# JRE version: OpenJDK Runtime Environment (8.0_112-b06) (build 1.8.0_112-release-b06)
# Java VM: OpenJDK 64-Bit Server VM (25.112-b06 mixed mode linux-amd64 compressed oops)
Heap:
 PSYoungGen      total 910336K, used 92062K [0x000000076ab00000, 0x00000007b3000000, 0x00000007c0000000)
  eden space 724992K, 0% used [0x000000076ab00000,0x000000076ab00000,0x0000000796f00000)
  from space 185344K, 49% used [0x00000007a3d80000,0x00000007a97679a0,0x00000007af280000)
  to   space 211456K, 0% used [0x0000000796f00000,0x0000000796f00000,0x00000007a3d80000)
 ParOldGen       total 484864K, used 484830K [0x00000006c0000000, 0x00000006dd980000, 0x000000076ab00000)
  object space 484864K, 99% used [0x00000006c0000000,0x00000006dd977ac8,0x00000006dd980000)
 Metaspace       used 6382K, capacity 7280K, committed 7552K, reserved 1056768K
  class space    used 582K, capacity 616K, committed 640K, reserved 1048576K
GC Heap History (10 events):
Event: 10.364 GC heap after
Heap after GC invocations=13 (full 2):
 PSYoungGen      total 673792K, used 83349K [0x000000076ab00000, 0x00000007a3700000, 0x00000007c0000000)
  eden space 549376K, 0% used [0x000000076ab00000,0x000000076ab00000,0x000000078c380000)
  from space 124416K, 66% used [0x000000078c380000,0x00000007914e5470,0x0000000793d00000)
  to   space 131584K, 0% used [0x000000079b680000,0x000000079b680000,0x00000007a3700000)
 ParOldGen       total 295936K, used 241154K [0x00000006c0000000, 0x00000006d2100000, 0x000000076ab00000)
  object space 295936K, 81% used [0x00000006c0000000,0x00000006ceb80a50,0x00000006d2100000)
 Metaspace       used 6371K, capacity 7280K, committed 7552K, reserved 1056768K
  class space    used 581K, capacity 616K, committed 640K, reserved 1048576K
}
Event: 10.364 GC heap before
{Heap before GC invocations=14 (full 3):
 PSYoungGen      total 673792K, used 83349K [0x000000076ab00000, 0x00000007a3700000, 0x00000007c0000000)
  eden space 549376K, 0% used [0x000000076ab00000,0x000000076ab00000,0x000000078c380000)
  from space 124416K, 66% used [0x000000078c380000,0x00000007914e5470,0x0000000793d00000)
  to   space 131584K, 0% used [0x000000079b680000,0x000000079b680000,0x00000007a3700000)
 ParOldGen       total 295936K, used 241154K [0x00000006c0000000, 0x00000006d2100000, 0x000000076ab00000)
  object space 295936K, 81% used [0x00000006c0000000,0x00000006ceb80a50,0x00000006d2100000)
 Metaspace       used 6371K, capacity 7280K, committed 7552K, reserved 1056768K
  class space    used 581K, capacity 616K, committed 640K, reserved 1048576K
Event: 11.508 GC heap after
Heap after GC invocations=14 (full 3):
 PSYoungGen      total 673792K, used 24161K [0x000000076ab00000, 0x00000007a3700000, 0x00000007c0000000)
  eden space 549376K, 0% used [0x000000076ab00000,0x000000076ab00000,0x000000078c380000)
  from space 124416K, 19% used [0x000000078c380000,0x000000078db18580,0x0000000793d00000)
  to   space 131584K, 0% used [0x000000079b680000,0x000000079b680000,0x00000007a3700000)
 ParOldGen       total 484864K, used 295762K [0x00000006c0000000, 0x00000006dd980000, 0x000000076ab00000)
  object space 484864K, 60% used [0x00000006c0000000,0x00000006d20d4ac8,0x00000006dd980000)
 Metaspace       used 6371K, capacity 7280K, committed 7552K, reserved 1056768K
  class space    used 581K, capacity 616K, committed 640K, reserved 1048576K
}
Event: 13.405 GC heap before
{Heap before GC invocations=15 (full 3):
 PSYoungGen      total 673792K, used 573537K [0x000000076ab00000, 0x00000007a3700000, 0x00000007c0000000)
  eden space 549376K, 100% used [0x000000076ab00000,0x000000078c380000,0x000000078c380000)
  from space 124416K, 19% used [0x000000078c380000,0x000000078db18580,0x0000000793d00000)
  to   space 131584K, 0% used [0x000000079b680000,0x000000079b680000,0x00000007a3700000)
 ParOldGen       total 484864K, used 295762K [0x00000006c0000000, 0x00000006dd980000, 0x000000076ab00000)
  object space 484864K, 60% used [0x00000006c0000000,0x00000006d20d4ac8,0x00000006dd980000)
 Metaspace       used 6375K, capacity 7280K, committed 7552K, reserved 1056768K
  class space    used 582K, capacity 616K, committed 640K, reserved 1048576K
Event: 13.731 GC heap after
Heap after GC invocations=15 (full 3):
 PSYoungGen      total 769536K, used 103685K [0x000000076ab00000, 0x00000007a3500000, 0x00000007c0000000)
  eden space 640000K, 0% used [0x000000076ab00000,0x000000076ab00000,0x0000000791c00000)
  from space 129536K, 80% used [0x000000079b680000,0x00000007a1bc14a0,0x00000007a3500000)
  to   space 143872K, 0% used [0x0000000791c00000,0x0000000791c00000,0x000000079a880000)
 ParOldGen       total 484864K, used 295762K [0x00000006c0000000, 0x00000006dd980000, 0x000000076ab00000)
  object space 484864K, 60% used [0x00000006c0000000,0x00000006d20d4ac8,0x00000006dd980000)
 Metaspace       used 6375K, capacity 7280K, committed 7552K, reserved 1056768K
  class space    used 582K, capacity 616K, committed 640K, reserved 1048576K
}
Event: 15.171 GC heap before
{Heap before GC invocations=16 (full 3):
 PSYoungGen      total 769536K, used 743685K [0x000000076ab00000, 0x00000007a3500000, 0x00000007c0000000)
  eden space 640000K, 100% used [0x000000076ab00000,0x0000000791c00000,0x0000000791c00000)
  from space 129536K, 80% used [0x000000079b680000,0x00000007a1bc14a0,0x00000007a3500000)
  to   space 143872K, 0% used [0x0000000791c00000,0x0000000791c00000,0x000000079a880000)
 ParOldGen       total 484864K, used 295762K [0x00000006c0000000, 0x00000006dd980000, 0x000000076ab00000)
  object space 484864K, 60% used [0x00000006c0000000,0x00000006d20d4ac8,0x00000006dd980000)
 Metaspace       used 6381K, capacity 7280K, committed 7552K, reserved 1056768K
  class space    used 582K, capacity 616K, committed 640K, reserved 1048576K
Event: 15.386 GC heap after
Heap after GC invocations=16 (full 3):
 PSYoungGen      total 783872K, used 143844K [0x000000076ab00000, 0x00000007af280000, 0x00000007c0000000)
  eden space 640000K, 0% used [0x000000076ab00000,0x000000076ab00000,0x0000000791c00000)
  from space 143872K, 99% used [0x0000000791c00000,0x000000079a879328,0x000000079a880000)
  to   space 185344K, 0% used [0x00000007a3d80000,0x00000007a3d80000,0x00000007af280000)
 ParOldGen       total 484864K, used 340412K [0x00000006c0000000, 0x00000006dd980000, 0x000000076ab00000)
  object space 484864K, 70% used [0x00000006c0000000,0x00000006d4c6f1d8,0x00000006dd980000)
 Metaspace       used 6381K, capacity 7280K, committed 7552K, reserved 1056768K
  class space    used 582K, capacity 616K, committed 640K, reserved 1048576K
}
Event: 16.989 GC heap before
{Heap before GC invocations=17 (full 3):
 PSYoungGen      total 783872K, used 783844K [0x000000076ab00000, 0x00000007af280000, 0x00000007c0000000)
  eden space 640000K, 100% used [0x000000076ab00000,0x0000000791c00000,0x0000000791c00000)
  from space 143872K, 99% used [0x0000000791c00000,0x000000079a879328,0x000000079a880000)
  to   space 185344K, 0% used [0x00000007a3d80000,0x00000007a3d80000,0x00000007af280000)
 ParOldGen       total 484864K, used 340412K [0x00000006c0000000, 0x00000006dd980000, 0x000000076ab00000)
  object space 484864K, 70% used [0x00000006c0000000,0x00000006d4c6f1d8,0x00000006dd980000)
 Metaspace       used 6382K, capacity 7280K, committed 7552K, reserved 1056768K
  class space    used 582K, capacity 616K, committed 640K, reserved 1048576K
Event: 17.306 GC heap after
Heap after GC invocations=17 (full 3):
 PSYoungGen      total 910336K, used 168962K [0x000000076ab00000, 0x00000007b3000000, 0x00000007c0000000)
  eden space 724992K, 0% used [0x000000076ab00000,0x000000076ab00000,0x0000000796f00000)
  from space 185344K, 91% used [0x00000007a3d80000,0x00000007ae280ae8,0x00000007af280000)
  to   space 211456K, 0% used [0x0000000796f00000,0x0000000796f00000,0x00000007a3d80000)
 ParOldGen       total 484864K, used 415409K [0x00000006c0000000, 0x00000006dd980000, 0x000000076ab00000)
  object space 484864K, 85% used [0x00000006c0000000,0x00000006d95ac7f8,0x00000006dd980000)
 Metaspace       used 6382K, capacity 7280K, committed 7552K, reserved 1056768K
  class space    used 582K, capacity 616K, committed 640K, reserved 1048576K
}
Event: 17.306 GC heap before
{Heap before GC invocations=18 (full 4):
 PSYoungGen      total 910336K, used 168962K [0x000000076ab00000, 0x00000007b3000000, 0x00000007c0000000)
  eden space 724992K, 0% used [0x000000076ab00000,0x000000076ab00000,0x0000000796f00000)
  from space 185344K, 91% used [0x00000007a3d80000,0x00000007ae280ae8,0x00000007af280000)
  to   space 211456K, 0% used [0x0000000796f00000,0x0000000796f00000,0x00000007a3d80000)
 ParOldGen       total 484864K, used 415409K [0x00000006c0000000, 0x00000006dd980000, 0x000000076ab00000)
  object space 484864K, 85% used [0x00000006c0000000,0x00000006d95ac7f8,0x00000006dd980000)
 Metaspace       used 6382K, capacity 7280K, committed 7552K, reserved 1056768K
  class space    used 582K, capacity 616K, committed 640K, reserved 1048576K

