# JRE version: OpenJDK Runtime Environment (8.0_112-b06) (build 1.8.0_112-release-b06)
# Java VM: OpenJDK 64-Bit Server VM (25.112-b06 mixed mode linux-amd64 compressed oops)
Heap:
 PSYoungGen      total 837120K, used 152560K [0x000000076ab00000, 0x00000007a7180000, 0x00000007c0000000)
  eden space 684544K, 0% used [0x000000076ab00000,0x000000076ab00000,0x0000000794780000)
  from space 152576K, 99% used [0x0000000794780000,0x000000079dc7c2a8,0x000000079dc80000)
  to   space 127488K, 0% used [0x000000079f500000,0x000000079f500000,0x00000007a7180000)
 ParOldGen       total 459776K, used 351783K [0x00000006c0000000, 0x00000006dc100000, 0x000000076ab00000)
  object space 459776K, 76% used [0x00000006c0000000,0x00000006d5789d18,0x00000006dc100000)
 Metaspace       used 6402K, capacity 7280K, committed 7552K, reserved 1056768K
  class space    used 584K, capacity 616K, committed 640K, reserved 1048576K
GC Heap History (10 events):
Event: 10.579 GC heap after
Heap after GC invocations=11 (full 1):
 PSYoungGen      total 671744K, used 89578K [0x000000076ab00000, 0x000000079fe00000, 0x00000007c0000000)
  eden space 582144K, 0% used [0x000000076ab00000,0x000000076ab00000,0x000000078e380000)
  from space 89600K, 99% used [0x0000000795c00000,0x000000079b37a9d0,0x000000079b380000)
  to   space 123392K, 0% used [0x000000078e380000,0x000000078e380000,0x0000000795c00000)
 ParOldGen       total 161280K, used 158496K [0x00000006c0000000, 0x00000006c9d80000, 0x000000076ab00000)
  object space 161280K, 98% used [0x00000006c0000000,0x00000006c9ac8270,0x00000006c9d80000)
 Metaspace       used 6373K, capacity 7280K, committed 7552K, reserved 1056768K
  class space    used 583K, capacity 616K, committed 640K, reserved 1048576K
}
Event: 10.580 GC heap before
{Heap before GC invocations=12 (full 2):
 PSYoungGen      total 671744K, used 89578K [0x000000076ab00000, 0x000000079fe00000, 0x00000007c0000000)
  eden space 582144K, 0% used [0x000000076ab00000,0x000000076ab00000,0x000000078e380000)
  from space 89600K, 99% used [0x0000000795c00000,0x000000079b37a9d0,0x000000079b380000)
  to   space 123392K, 0% used [0x000000078e380000,0x000000078e380000,0x0000000795c00000)
 ParOldGen       total 161280K, used 158496K [0x00000006c0000000, 0x00000006c9d80000, 0x000000076ab00000)
  object space 161280K, 98% used [0x00000006c0000000,0x00000006c9ac8270,0x00000006c9d80000)
 Metaspace       used 6373K, capacity 7280K, committed 7552K, reserved 1056768K
  class space    used 583K, capacity 616K, committed 640K, reserved 1048576K
Event: 11.508 GC heap after
Heap after GC invocations=12 (full 2):
 PSYoungGen      total 671744K, used 79100K [0x000000076ab00000, 0x000000079fe00000, 0x00000007c0000000)
  eden space 582144K, 0% used [0x000000076ab00000,0x000000076ab00000,0x000000078e380000)
  from space 89600K, 88% used [0x0000000795c00000,0x000000079a93f298,0x000000079b380000)
  to   space 123392K, 0% used [0x000000078e380000,0x000000078e380000,0x0000000795c00000)
 ParOldGen       total 283648K, used 161023K [0x00000006c0000000, 0x00000006d1500000, 0x000000076ab00000)
  object space 283648K, 56% used [0x00000006c0000000,0x00000006c9d3ffd0,0x00000006d1500000)
 Metaspace       used 6373K, capacity 7280K, committed 7552K, reserved 1056768K
  class space    used 583K, capacity 616K, committed 640K, reserved 1048576K
}
Event: 13.030 GC heap before
{Heap before GC invocations=13 (full 2):
 PSYoungGen      total 671744K, used 661244K [0x000000076ab00000, 0x000000079fe00000, 0x00000007c0000000)
  eden space 582144K, 100% used [0x000000076ab00000,0x000000078e380000,0x000000078e380000)
  from space 89600K, 88% used [0x0000000795c00000,0x000000079a93f298,0x000000079b380000)
  to   space 123392K, 0% used [0x000000078e380000,0x000000078e380000,0x0000000795c00000)
 ParOldGen       total 283648K, used 161023K [0x00000006c0000000, 0x00000006d1500000, 0x000000076ab00000)
  object space 283648K, 56% used [0x00000006c0000000,0x00000006c9d3ffd0,0x00000006d1500000)
 Metaspace       used 6395K, capacity 7280K, committed 7552K, reserved 1056768K
  class space    used 584K, capacity 616K, committed 640K, reserved 1048576K
Event: 13.448 GC heap after
Heap after GC invocations=13 (full 2):
 PSYoungGen      total 705536K, used 91220K [0x000000076ab00000, 0x00000007a7700000, 0x00000007c0000000)
  eden space 582144K, 0% used [0x000000076ab00000,0x000000076ab00000,0x000000078e380000)
  from space 123392K, 73% used [0x000000078e380000,0x0000000793c95218,0x0000000795c00000)
  to   space 133120K, 0% used [0x000000079f500000,0x000000079f500000,0x00000007a7700000)
 ParOldGen       total 283648K, used 239806K [0x00000006c0000000, 0x00000006d1500000, 0x000000076ab00000)
  object space 283648K, 84% used [0x00000006c0000000,0x00000006cea2fb50,0x00000006d1500000)
 Metaspace       used 6395K, capacity 7280K, committed 7552K, reserved 1056768K
  class space    used 584K, capacity 616K, committed 640K, reserved 1048576K
}
Event: 13.448 GC heap before
{Heap before GC invocations=14 (full 3):
 PSYoungGen      total 705536K, used 91220K [0x000000076ab00000, 0x00000007a7700000, 0x00000007c0000000)
  eden space 582144K, 0% used [0x000000076ab00000,0x000000076ab00000,0x000000078e380000)
  from space 123392K, 73% used [0x000000078e380000,0x0000000793c95218,0x0000000795c00000)
  to   space 133120K, 0% used [0x000000079f500000,0x000000079f500000,0x00000007a7700000)
 ParOldGen       total 283648K, used 239806K [0x00000006c0000000, 0x00000006d1500000, 0x000000076ab00000)
  object space 283648K, 84% used [0x00000006c0000000,0x00000006cea2fb50,0x00000006d1500000)
 Metaspace       used 6395K, capacity 7280K, committed 7552K, reserved 1056768K
  class space    used 584K, capacity 616K, committed 640K, reserved 1048576K
Event: 14.930 GC heap after
Heap after GC invocations=14 (full 3):
 PSYoungGen      total 705536K, used 42698K [0x000000076ab00000, 0x00000007a7700000, 0x00000007c0000000)
  eden space 582144K, 0% used [0x000000076ab00000,0x000000076ab00000,0x000000078e380000)
  from space 123392K, 34% used [0x000000078e380000,0x0000000790d32990,0x0000000795c00000)
  to   space 133120K, 0% used [0x000000079f500000,0x000000079f500000,0x00000007a7700000)
 ParOldGen       total 459776K, used 283480K [0x00000006c0000000, 0x00000006dc100000, 0x000000076ab00000)
  object space 459776K, 61% used [0x00000006c0000000,0x00000006d14d6048,0x00000006dc100000)
 Metaspace       used 6395K, capacity 7280K, committed 7552K, reserved 1056768K
  class space    used 584K, capacity 616K, committed 640K, reserved 1048576K
}
Event: 17.039 GC heap before
{Heap before GC invocations=15 (full 3):
 PSYoungGen      total 705536K, used 624842K [0x000000076ab00000, 0x00000007a7700000, 0x00000007c0000000)
  eden space 582144K, 100% used [0x000000076ab00000,0x000000078e380000,0x000000078e380000)
  from space 123392K, 34% used [0x000000078e380000,0x0000000790d32990,0x0000000795c00000)
  to   space 133120K, 0% used [0x000000079f500000,0x000000079f500000,0x00000007a7700000)
 ParOldGen       total 459776K, used 283480K [0x00000006c0000000, 0x00000006dc100000, 0x000000076ab00000)
  object space 459776K, 61% used [0x00000006c0000000,0x00000006d14d6048,0x00000006dc100000)
 Metaspace       used 6399K, capacity 7280K, committed 7552K, reserved 1056768K
  class space    used 584K, capacity 616K, committed 640K, reserved 1048576K
Event: 24.577 GC heap after
Heap after GC invocations=15 (full 3):
 PSYoungGen      total 812032K, used 122334K [0x000000076ab00000, 0x00000007a7180000, 0x00000007c0000000)
  eden space 684544K, 0% used [0x000000076ab00000,0x000000076ab00000,0x0000000794780000)
  from space 127488K, 95% used [0x000000079f500000,0x00000007a6c77a88,0x00000007a7180000)
  to   space 152576K, 0% used [0x0000000794780000,0x0000000794780000,0x000000079dc80000)
 ParOldGen       total 459776K, used 283488K [0x00000006c0000000, 0x00000006dc100000, 0x000000076ab00000)
  object space 459776K, 61% used [0x00000006c0000000,0x00000006d14d8048,0x00000006dc100000)
 Metaspace       used 6399K, capacity 7280K, committed 7552K, reserved 1056768K
  class space    used 584K, capacity 616K, committed 640K, reserved 1048576K
}
Event: 324.608 GC heap before
{Heap before GC invocations=16 (full 3):
 PSYoungGen      total 812032K, used 806878K [0x000000076ab00000, 0x00000007a7180000, 0x00000007c0000000)
  eden space 684544K, 100% used [0x000000076ab00000,0x0000000794780000,0x0000000794780000)
  from space 127488K, 95% used [0x000000079f500000,0x00000007a6c77a88,0x00000007a7180000)
  to   space 152576K, 0% used [0x0000000794780000,0x0000000794780000,0x000000079dc80000)
 ParOldGen       total 459776K, used 283488K [0x00000006c0000000, 0x00000006dc100000, 0x000000076ab00000)
  object space 459776K, 61% used [0x00000006c0000000,0x00000006d14d8048,0x00000006dc100000)
 Metaspace       used 6402K, capacity 7280K, committed 7552K, reserved 1056768K
  class space    used 584K, capacity 616K, committed 640K, reserved 1048576K

