# JRE version: OpenJDK Runtime Environment (8.0_112-b06) (build 1.8.0_112-release-b06)
# Java VM: OpenJDK 64-Bit Server VM (25.112-b06 mixed mode linux-amd64 compressed oops)
Heap:
 PSYoungGen      total 680960K, used 88912K [0x000000076ab00000, 0x000000079e880000, 0x00000007c0000000)
  eden space 555008K, 0% used [0x000000076ab00000,0x000000076ab00000,0x000000078c900000)
  from space 125952K, 70% used [0x000000078c900000,0x0000000791fd4328,0x0000000794400000)
  to   space 91136K, 0% used [0x0000000794400000,0x0000000794400000,0x0000000799d00000)
 ParOldGen       total 293376K, used 245573K [0x00000006c0000000, 0x00000006d1e80000, 0x000000076ab00000)
  object space 293376K, 83% used [0x00000006c0000000,0x00000006cefd1688,0x00000006d1e80000)
 Metaspace       used 6390K, capacity 7280K, committed 7552K, reserved 1056768K
  class space    used 582K, capacity 616K, committed 640K, reserved 1048576K
GC Heap History (10 events):
Event: 4.186 GC heap after
Heap after GC invocations=8 (full 0):
 PSYoungGen      total 529408K, used 50672K [0x000000076ab00000, 0x0000000791300000, 0x00000007c0000000)
  eden space 478720K, 0% used [0x000000076ab00000,0x000000076ab00000,0x0000000787e80000)
  from space 50688K, 99% used [0x000000078c080000,0x000000078f1fc050,0x000000078f200000)
  to   space 67584K, 0% used [0x0000000787e80000,0x0000000787e80000,0x000000078c080000)
 ParOldGen       total 84992K, used 71664K [0x00000006c0000000, 0x00000006c5300000, 0x000000076ab00000)
  object space 84992K, 84% used [0x00000006c0000000,0x00000006c45fc2d0,0x00000006c5300000)
 Metaspace       used 6339K, capacity 7280K, committed 7552K, reserved 1056768K
  class space    used 581K, capacity 616K, committed 640K, reserved 1048576K
}
Event: 4.186 GC heap before
{Heap before GC invocations=9 (full 1):
 PSYoungGen      total 529408K, used 50672K [0x000000076ab00000, 0x0000000791300000, 0x00000007c0000000)
  eden space 478720K, 0% used [0x000000076ab00000,0x000000076ab00000,0x0000000787e80000)
  from space 50688K, 99% used [0x000000078c080000,0x000000078f1fc050,0x000000078f200000)
  to   space 67584K, 0% used [0x0000000787e80000,0x0000000787e80000,0x000000078c080000)
 ParOldGen       total 84992K, used 71664K [0x00000006c0000000, 0x00000006c5300000, 0x000000076ab00000)
  object space 84992K, 84% used [0x00000006c0000000,0x00000006c45fc2d0,0x00000006c5300000)
 Metaspace       used 6339K, capacity 7280K, committed 7552K, reserved 1056768K
  class space    used 581K, capacity 616K, committed 640K, reserved 1048576K
Event: 4.873 GC heap after
Heap after GC invocations=9 (full 1):
 PSYoungGen      total 529408K, used 34141K [0x000000076ab00000, 0x0000000791300000, 0x00000007c0000000)
  eden space 478720K, 0% used [0x000000076ab00000,0x000000076ab00000,0x0000000787e80000)
  from space 50688K, 67% used [0x000000078c080000,0x000000078e1d7580,0x000000078f200000)
  to   space 67584K, 0% used [0x0000000787e80000,0x0000000787e80000,0x000000078c080000)
 ParOldGen       total 163328K, used 84527K [0x00000006c0000000, 0x00000006c9f80000, 0x000000076ab00000)
  object space 163328K, 51% used [0x00000006c0000000,0x00000006c528bec8,0x00000006c9f80000)
 Metaspace       used 6339K, capacity 7280K, committed 7552K, reserved 1056768K
  class space    used 581K, capacity 616K, committed 640K, reserved 1048576K
}
Event: 6.013 GC heap before
{Heap before GC invocations=10 (full 1):
 PSYoungGen      total 529408K, used 512861K [0x000000076ab00000, 0x0000000791300000, 0x00000007c0000000)
  eden space 478720K, 100% used [0x000000076ab00000,0x0000000787e80000,0x0000000787e80000)
  from space 50688K, 67% used [0x000000078c080000,0x000000078e1d7580,0x000000078f200000)
  to   space 67584K, 0% used [0x0000000787e80000,0x0000000787e80000,0x000000078c080000)
 ParOldGen       total 163328K, used 84527K [0x00000006c0000000, 0x00000006c9f80000, 0x000000076ab00000)
  object space 163328K, 51% used [0x00000006c0000000,0x00000006c528bec8,0x00000006c9f80000)
 Metaspace       used 6356K, capacity 7280K, committed 7552K, reserved 1056768K
  class space    used 581K, capacity 616K, committed 640K, reserved 1048576K
Event: 6.165 GC heap after
Heap after GC invocations=10 (full 1):
 PSYoungGen      total 546304K, used 67571K [0x000000076ab00000, 0x0000000799d00000, 0x00000007c0000000)
  eden space 478720K, 0% used [0x000000076ab00000,0x000000076ab00000,0x0000000787e80000)
  from space 67584K, 99% used [0x0000000787e80000,0x000000078c07ccc0,0x000000078c080000)
  to   space 91136K, 0% used [0x0000000794400000,0x0000000794400000,0x0000000799d00000)
 ParOldGen       total 163328K, used 111499K [0x00000006c0000000, 0x00000006c9f80000, 0x000000076ab00000)
  object space 163328K, 68% used [0x00000006c0000000,0x00000006c6ce2d38,0x00000006c9f80000)
 Metaspace       used 6356K, capacity 7280K, committed 7552K, reserved 1056768K
  class space    used 581K, capacity 616K, committed 640K, reserved 1048576K
}
Event: 7.547 GC heap before
{Heap before GC invocations=11 (full 1):
 PSYoungGen      total 546304K, used 546291K [0x000000076ab00000, 0x0000000799d00000, 0x00000007c0000000)
  eden space 478720K, 100% used [0x000000076ab00000,0x0000000787e80000,0x0000000787e80000)
  from space 67584K, 99% used [0x0000000787e80000,0x000000078c07ccc0,0x000000078c080000)
  to   space 91136K, 0% used [0x0000000794400000,0x0000000794400000,0x0000000799d00000)
 ParOldGen       total 163328K, used 111499K [0x00000006c0000000, 0x00000006c9f80000, 0x000000076ab00000)
  object space 163328K, 68% used [0x00000006c0000000,0x00000006c6ce2d38,0x00000006c9f80000)
 Metaspace       used 6372K, capacity 7280K, committed 7552K, reserved 1056768K
  class space    used 581K, capacity 616K, committed 640K, reserved 1048576K
Event: 7.755 GC heap after
Heap after GC invocations=11 (full 1):
 PSYoungGen      total 646144K, used 91113K [0x000000076ab00000, 0x000000079e880000, 0x00000007c0000000)
  eden space 555008K, 0% used [0x000000076ab00000,0x000000076ab00000,0x000000078c900000)
  from space 91136K, 99% used [0x0000000794400000,0x0000000799cfa578,0x0000000799d00000)
  to   space 125952K, 0% used [0x000000078c900000,0x000000078c900000,0x0000000794400000)
 ParOldGen       total 163328K, used 162603K [0x00000006c0000000, 0x00000006c9f80000, 0x000000076ab00000)
  object space 163328K, 99% used [0x00000006c0000000,0x00000006c9ecad38,0x00000006c9f80000)
 Metaspace       used 6372K, capacity 7280K, committed 7552K, reserved 1056768K
  class space    used 581K, capacity 616K, committed 640K, reserved 1048576K
}
Event: 7.755 GC heap before
{Heap before GC invocations=12 (full 2):
 PSYoungGen      total 646144K, used 91113K [0x000000076ab00000, 0x000000079e880000, 0x00000007c0000000)
  eden space 555008K, 0% used [0x000000076ab00000,0x000000076ab00000,0x000000078c900000)
  from space 91136K, 99% used [0x0000000794400000,0x0000000799cfa578,0x0000000799d00000)
  to   space 125952K, 0% used [0x000000078c900000,0x000000078c900000,0x0000000794400000)
 ParOldGen       total 163328K, used 162603K [0x00000006c0000000, 0x00000006c9f80000, 0x000000076ab00000)
  object space 163328K, 99% used [0x00000006c0000000,0x00000006c9ecad38,0x00000006c9f80000)
 Metaspace       used 6372K, capacity 7280K, committed 7552K, reserved 1056768K
  class space    used 581K, capacity 616K, committed 640K, reserved 1048576K
Event: 8.619 GC heap after
Heap after GC invocations=12 (full 2):
 PSYoungGen      total 646144K, used 82078K [0x000000076ab00000, 0x000000079e880000, 0x00000007c0000000)
  eden space 555008K, 0% used [0x000000076ab00000,0x000000076ab00000,0x000000078c900000)
  from space 91136K, 90% used [0x0000000794400000,0x00000007994279d8,0x0000000799d00000)
  to   space 125952K, 0% used [0x000000078c900000,0x000000078c900000,0x0000000794400000)
 ParOldGen       total 293376K, used 162873K [0x00000006c0000000, 0x00000006d1e80000, 0x000000076ab00000)
  object space 293376K, 55% used [0x00000006c0000000,0x00000006c9f0e468,0x00000006d1e80000)
 Metaspace       used 6372K, capacity 7280K, committed 7552K, reserved 1056768K
  class space    used 581K, capacity 616K, committed 640K, reserved 1048576K
}
Event: 9.960 GC heap before
{Heap before GC invocations=13 (full 2):
 PSYoungGen      total 646144K, used 637086K [0x000000076ab00000, 0x000000079e880000, 0x00000007c0000000)
  eden space 555008K, 100% used [0x000000076ab00000,0x000000078c900000,0x000000078c900000)
  from space 91136K, 90% used [0x0000000794400000,0x00000007994279d8,0x0000000799d00000)
  to   space 125952K, 0% used [0x000000078c900000,0x000000078c900000,0x0000000794400000)
 ParOldGen       total 293376K, used 162873K [0x00000006c0000000, 0x00000006d1e80000, 0x000000076ab00000)
  object space 293376K, 55% used [0x00000006c0000000,0x00000006c9f0e468,0x00000006d1e80000)
 Metaspace       used 6390K, capacity 7280K, committed 7552K, reserved 1056768K
  class space    used 582K, capacity 616K, committed 640K, reserved 1048576K

